<?xml version="1.0" encoding="UTF-8"?>
<!-- Generated by org.testng.reporters.JUnitXMLReporter -->
<testsuite hostname="DESKTOP-1FFCFTR" failures="0" tests="3" name="Test" time="119.049" errors="0" timestamp="16 Mar 2022 21:38:47 GMT">
  <testcase classname="ATTMPT2.E2EProject.ValidateTitle" name="basePageNavigation" time="0.31"/>
  <testcase classname="ATTMPT2.E2EProject.HomePage" name="basePageNavigation" time="13.403"/>
  <testcase classname="ATTMPT2.E2EProject.HomePage" name="basePageNavigation" time="5.859"/>
</testsuite> <!-- Test -->
