<?xml version="1.0" encoding="UTF-8"?>
<!-- Generated by org.testng.reporters.JUnitXMLReporter -->
<testsuite hostname="DESKTOP-1FFCFTR" failures="1" tests="1" name="ValidateTitle" time="57.571" errors="0" timestamp="22 Mar 2022 07:09:54 GMT">
  <testcase classname="ATTMPT2.E2EProject.ValidateTitle" name="validateTİtle" time="1.599">
    <failure type="java.lang.AssertionError" message="expected [FEATURED COURSES123] but found [FEATURED COURSES]">
      <![CDATA[java.lang.AssertionError: expected [FEATURED COURSES123] but found [FEATURED COURSES]
	at ATTMPT2.E2EProject.ValidateTitle.validateTİtle(ValidateTitle.java:37)
	at java.base/java.util.concurrent.FutureTask.run(FutureTask.java:264)
	at java.base/java.util.concurrent.ThreadPoolExecutor.runWorker(ThreadPoolExecutor.java:1136)
	at java.base/java.util.concurrent.ThreadPoolExecutor$Worker.run(ThreadPoolExecutor.java:635)
	at java.base/java.lang.Thread.run(Thread.java:833)
... Removed 21 stack frames]]>
    </failure>
  </testcase> <!-- validateTİtle -->
</testsuite> <!-- ValidateTitle -->
