<?xml version="1.0" encoding="UTF-8"?>
<!-- Generated by org.testng.reporters.JUnitXMLReporter -->
<testsuite hostname="DESKTOP-1FFCFTR" name="Test" tests="4" failures="0" timestamp="18 Mar 2022 04:00:54 GMT" time="124.66" errors="0">
  <testcase name="basePageNavigation" time="1.266" classname="ATTMPT2.E2EProject.ValidateNavigationBar"/>
  <testcase name="basePageNavigation" time="0.294" classname="ATTMPT2.E2EProject.ValidateTitle"/>
  <testcase name="basePageNavigation" time="6.065" classname="ATTMPT2.E2EProject.HomePage"/>
  <testcase name="basePageNavigation" time="3.436" classname="ATTMPT2.E2EProject.HomePage"/>
</testsuite> <!-- Test -->
